# JRE version: Java(TM) SE Runtime Environment (8.0_271-b09) (build 1.8.0_271-b09)
# Java VM: Java HotSpot(TM) Client VM (25.271-b09 mixed mode windows-x86 )
Heap:
 def new generation   total 7808K, used 3154K [0x04a00000, 0x05270000, 0x09f50000)
  eden space 6976K,  38% used [0x04a00000, 0x04ca3680, 0x050d0000)
  from space 832K,  54% used [0x050d0000, 0x05141380, 0x051a0000)
  to   space 832K,   0% used [0x051a0000, 0x051a0000, 0x05270000)
 tenured generation   total 17152K, used 12728K [0x09f50000, 0x0b010000, 0x14a00000)
   the space 17152K,  74% used [0x09f50000, 0x0abbe368, 0x0abbe400, 0x0b010000)
 Metaspace       used 14312K, capacity 14562K, committed 14592K, reserved 14720K
GC Heap History (10 events):
Event: 51.029 GC heap before
{Heap before GC invocations=39 (full 8):
 def new generation   total 7808K, used 7628K [0x04a00000, 0x05270000, 0x09f50000)
  eden space 6976K, 100% used [0x04a00000, 0x050d0000, 0x050d0000)
  from space 832K,  78% used [0x051a0000, 0x05243198, 0x05270000)
  to   space 832K,   0% used [0x050d0000, 0x050d0000, 0x051a0000)
 tenured generation   total 17152K, used 10616K [0x09f50000, 0x0b010000, 0x14a00000)
   the space 17152K,  61% used [0x09f50000, 0x0a9ae0e0, 0x0a9ae200, 0x0b010000)
 Metaspace       used 13953K, capacity 14207K, committed 14336K, reserved 14720K
Event: 51.034 GC heap after
Heap after GC invocations=40 (full 8):
 def new generation   total 7808K, used 530K [0x04a00000, 0x05270000, 0x09f50000)
  eden space 6976K,   0% used [0x04a00000, 0x04a00000, 0x050d0000)
  from space 832K,  63% used [0x050d0000, 0x05154a38, 0x051a0000)
  to   space 832K,   0% used [0x051a0000, 0x051a0000, 0x05270000)
 tenured generation   total 17152K, used 11063K [0x09f50000, 0x0b010000, 0x14a00000)
   the space 17152K,  64% used [0x09f50000, 0x0aa1deb8, 0x0aa1e000, 0x0b010000)
 Metaspace       used 13953K, capacity 14207K, committed 14336K, reserved 14720K
}
Event: 51.280 GC heap before
{Heap before GC invocations=40 (full 8):
 def new generation   total 7808K, used 7506K [0x04a00000, 0x05270000, 0x09f50000)
  eden space 6976K, 100% used [0x04a00000, 0x050d0000, 0x050d0000)
  from space 832K,  63% used [0x050d0000, 0x05154a38, 0x051a0000)
  to   space 832K,   0% used [0x051a0000, 0x051a0000, 0x05270000)
 tenured generation   total 17152K, used 11063K [0x09f50000, 0x0b010000, 0x14a00000)
   the space 17152K,  64% used [0x09f50000, 0x0aa1deb8, 0x0aa1e000, 0x0b010000)
 Metaspace       used 14069K, capacity 14335K, committed 14464K, reserved 14720K
Event: 51.285 GC heap after
Heap after GC invocations=41 (full 8):
 def new generation   total 7808K, used 832K [0x04a00000, 0x05270000, 0x09f50000)
  eden space 6976K,   0% used [0x04a00000, 0x04a00000, 0x050d0000)
  from space 832K, 100% used [0x051a0000, 0x05270000, 0x05270000)
  to   space 832K,   0% used [0x050d0000, 0x050d0000, 0x051a0000)
 tenured generation   total 17152K, used 11558K [0x09f50000, 0x0b010000, 0x14a00000)
   the space 17152K,  67% used [0x09f50000, 0x0aa99a48, 0x0aa99c00, 0x0b010000)
 Metaspace       used 14069K, capacity 14335K, committed 14464K, reserved 14720K
}
Event: 51.362 GC heap before
{Heap before GC invocations=41 (full 8):
 def new generation   total 7808K, used 7808K [0x04a00000, 0x05270000, 0x09f50000)
  eden space 6976K, 100% used [0x04a00000, 0x050d0000, 0x050d0000)
  from space 832K, 100% used [0x051a0000, 0x05270000, 0x05270000)
  to   space 832K,   0% used [0x050d0000, 0x050d0000, 0x051a0000)
 tenured generation   total 17152K, used 11558K [0x09f50000, 0x0b010000, 0x14a00000)
   the space 17152K,  67% used [0x09f50000, 0x0aa99a48, 0x0aa99c00, 0x0b010000)
 Metaspace       used 14069K, capacity 14335K, committed 14464K, reserved 14720K
Event: 51.365 GC heap after
Heap after GC invocations=42 (full 8):
 def new generation   total 7808K, used 171K [0x04a00000, 0x05270000, 0x09f50000)
  eden space 6976K,   0% used [0x04a00000, 0x04a00000, 0x050d0000)
  from space 832K,  20% used [0x050d0000, 0x050fae38, 0x051a0000)
  to   space 832K,   0% used [0x051a0000, 0x051a0000, 0x05270000)
 tenured generation   total 17152K, used 12268K [0x09f50000, 0x0b010000, 0x14a00000)
   the space 17152K,  71% used [0x09f50000, 0x0ab4b150, 0x0ab4b200, 0x0b010000)
 Metaspace       used 14069K, capacity 14335K, committed 14464K, reserved 14720K
}
Event: 52.627 GC heap before
{Heap before GC invocations=42 (full 8):
 def new generation   total 7808K, used 7147K [0x04a00000, 0x05270000, 0x09f50000)
  eden space 6976K, 100% used [0x04a00000, 0x050d0000, 0x050d0000)
  from space 832K,  20% used [0x050d0000, 0x050fae38, 0x051a0000)
  to   space 832K,   0% used [0x051a0000, 0x051a0000, 0x05270000)
 tenured generation   total 17152K, used 12268K [0x09f50000, 0x0b010000, 0x14a00000)
   the space 17152K,  71% used [0x09f50000, 0x0ab4b150, 0x0ab4b200, 0x0b010000)
 Metaspace       used 14220K, capacity 14463K, committed 14592K, reserved 14720K
Event: 52.631 GC heap after
Heap after GC invocations=43 (full 8):
 def new generation   total 7808K, used 740K [0x04a00000, 0x05270000, 0x09f50000)
  eden space 6976K,   0% used [0x04a00000, 0x04a00000, 0x050d0000)
  from space 832K,  89% used [0x051a0000, 0x052592e8, 0x05270000)
  to   space 832K,   0% used [0x050d0000, 0x050d0000, 0x051a0000)
 tenured generation   total 17152K, used 12268K [0x09f50000, 0x0b010000, 0x14a00000)
   the space 17152K,  71% used [0x09f50000, 0x0ab4b150, 0x0ab4b200, 0x0b010000)
 Metaspace       used 14220K, capacity 14463K, committed 14592K, reserved 14720K
}
Event: 60.286 GC heap before
{Heap before GC invocations=43 (full 8):
 def new generation   total 7808K, used 7716K [0x04a00000, 0x05270000, 0x09f50000)
  eden space 6976K, 100% used [0x04a00000, 0x050d0000, 0x050d0000)
  from space 832K,  89% used [0x051a0000, 0x052592e8, 0x05270000)
  to   space 832K,   0% used [0x050d0000, 0x050d0000, 0x051a0000)
 tenured generation   total 17152K, used 12268K [0x09f50000, 0x0b010000, 0x14a00000)
   the space 17152K,  71% used [0x09f50000, 0x0ab4b150, 0x0ab4b200, 0x0b010000)
 Metaspace       used 14285K, capacity 14527K, committed 14592K, reserved 14720K
Event: 60.289 GC heap after
Heap after GC invocations=44 (full 8):
 def new generation   total 7808K, used 452K [0x04a00000, 0x05270000, 0x09f50000)
  eden space 6976K,   0% used [0x04a00000, 0x04a00000, 0x050d0000)
  from space 832K,  54% used [0x050d0000, 0x05141380, 0x051a0000)
  to   space 832K,   0% used [0x051a0000, 0x051a0000, 0x05270000)
 tenured generation   total 17152K, used 12728K [0x09f50000, 0x0b010000, 0x14a00000)
   the space 17152K,  74% used [0x09f50000, 0x0abbe368, 0x0abbe400, 0x0b010000)
 Metaspace       used 14285K, capacity 14527K, committed 14592K, reserved 14720K
}

